This is pdfTeX, Version 3.141592653-2.6-1.40.26 (TeX Live 2024) (preloaded format=pdflatex 2024.4.28)  21 JUL 2025 22:24
entering extended mode
 restricted \write18 enabled.
 file:line:error style messages enabled.
 %&-line parsing enabled.
**"/Users/rezadoobary/Documents/ML-correlator/Tree classifier for graphs/mixed_loops/docs/doc"
(/Users/rezadoobary/Documents/ML-correlator/Tree classifier for graphs/mixed_loops/docs/doc.tex
LaTeX2e <2023-11-01> patch level 1
L3 programming layer <2024-02-20>
(/usr/local/texlive/2024/texmf-dist/tex/latex/base/article.cls
Document Class: article 2023/05/17 v1.4n Standard LaTeX document class
(/usr/local/texlive/2024/texmf-dist/tex/latex/base/size10.clo
File: size10.clo 2023/05/17 v1.4n Standard LaTeX file (size option)
)
\c@part=\count188
\c@section=\count189
\c@subsection=\count190
\c@subsubsection=\count191
\c@paragraph=\count192
\c@subparagraph=\count193
\c@figure=\count194
\c@table=\count195
\abovecaptionskip=\skip48
\belowcaptionskip=\skip49
\bibindent=\dimen140
)
/Users/rezadoobary/Documents/ML-correlator/Tree classifier for graphs/mixed_loops/docs/doc.tex:3: Illegal parameter number in definition of \reserved@a.
<to be read again> 
                   1
l.3 \usepackage\[m
                  argin=1in]{geometry}
You meant to type ## instead of #, right?
Or maybe a } was forgotten somewhere earlier, and things
are all screwed up? I'm going to assume that you meant ##.

/Users/rezadoobary/Documents/ML-correlator/Tree classifier for graphs/mixed_loops/docs/doc.tex:3: Argument of \reserved@b has an extra }.
<inserted text> 
                \par 
l.3 \usepackage\[m
                  argin=1in]{geometry}
I've run across a `}' that doesn't seem to match anything.
For example, `\def\a#1{...}' and `\a}' would produce
this error. If you simply proceed now, the `\par' that
I've just inserted will cause me to report a runaway
argument that might be the root of the problem. But if
your `}' was spurious, just type `2' and it will go away.

Runaway argument?
{\ifx \@nnil ##1\relax \else \ifx \@nnil ##1\@nnil \else \noexpand \@onefilewithoptions \ETC.
/Users/rezadoobary/Documents/ML-correlator/Tree classifier for graphs/mixed_loops/docs/doc.tex:3: Paragraph ended before \reserved@b was complete.
<to be read again> 
                   \par 
l.3 \usepackage\[m
                  argin=1in]{geometry}
I suspect you've forgotten a `}', causing me to apply this
control sequence to too much text. How can we recover?
My plan is to forget the whole thing and hope for the best.

Runaway argument?
\protect \relax \prevdepth -\@m \p@ \protect \unhbox \voidb@x \let \reserved@d \ETC.
/Users/rezadoobary/Documents/ML-correlator/Tree classifier for graphs/mixed_loops/docs/doc.tex:3: Paragraph ended before \reserved@b was complete.
<to be read again> 
                   \par 
l.3 \usepackage\[m
                  argin=1in]{geometry}
I suspect you've forgotten a `}', causing me to apply this
control sequence to too much text. How can we recover?
My plan is to forget the whole thing and hope for the best.

/Users/rezadoobary/Documents/ML-correlator/Tree classifier for graphs/mixed_loops/docs/doc.tex:3: Undefined control sequence.
\@nnil ->\@nil 
               
l.3 \usepackage\[m
                  argin=1in]{geometry}
The control sequence at the end of the top line
of your error message was never \def'ed. If you have
misspelled it (e.g., `\hobx'), type `I' and the correct
spelling (e.g., `I\hbox'). Otherwise just continue,
and I'll forget about whatever was undefined.


/Users/rezadoobary/Documents/ML-correlator/Tree classifier for graphs/mixed_loops/docs/doc.tex:3: LaTeX Error: Missing \begin{document}.

See the LaTeX manual or LaTeX Companion for explanation.
Type  H <return>  for immediate help.
 ...                                              
                                                  
l.3 \usepackage\[m
                  argin=1in]{geometry}
You're in trouble here.  Try typing  <return>  to proceed.
If that doesn't work, type  X <return>  to quit.

(/usr/local/texlive/2024/texmf-dist/tex/latex/amsmath/amsmath.sty
Package: amsmath 2023/05/13 v2.17o AMS math features
\@mathmargin=\skip50

For additional information on amsmath, use the `?' option.
(/usr/local/texlive/2024/texmf-dist/tex/latex/amsmath/amstext.sty
Package: amstext 2021/08/26 v2.01 AMS text
 (/usr/local/texlive/2024/texmf-dist/tex/latex/amsmath/amsgen.sty
File: amsgen.sty 1999/11/30 v2.0 generic functions
\@emptytoks=\toks17
\ex@=\dimen141
)) (/usr/local/texlive/2024/texmf-dist/tex/latex/amsmath/amsbsy.sty
Package: amsbsy 1999/11/29 v1.2d Bold Symbols
\pmbraise@=\dimen142
) (/usr/local/texlive/2024/texmf-dist/tex/latex/amsmath/amsopn.sty
Package: amsopn 2022/04/08 v2.04 operator names
)
\inf@bad=\count196
LaTeX Info: Redefining \frac on input line 234.
\uproot@=\count197
\leftroot@=\count198
LaTeX Info: Redefining \overline on input line 399.
LaTeX Info: Redefining \colon on input line 410.
\classnum@=\count199
\DOTSCASE@=\count266
LaTeX Info: Redefining \ldots on input line 496.
LaTeX Info: Redefining \dots on input line 499.
LaTeX Info: Redefining \cdots on input line 620.
\Mathstrutbox@=\box51
\strutbox@=\box52
LaTeX Info: Redefining \big on input line 722.
LaTeX Info: Redefining \Big on input line 723.
LaTeX Info: Redefining \bigg on input line 724.
LaTeX Info: Redefining \Bigg on input line 725.
\big@size=\dimen143
LaTeX Font Info:    Redeclaring font encoding OML on input line 743.
LaTeX Font Info:    Redeclaring font encoding OMS on input line 744.
\macc@depth=\count267
LaTeX Info: Redefining \bmod on input line 905.
LaTeX Info: Redefining \pmod on input line 910.
LaTeX Info: Redefining \smash on input line 940.
LaTeX Info: Redefining \relbar on input line 970.
LaTeX Info: Redefining \Relbar on input line 971.
\c@MaxMatrixCols=\count268
\dotsspace@=\muskip16
\c@parentequation=\count269
\dspbrk@lvl=\count270
\tag@help=\toks18
\row@=\count271
\column@=\count272
\maxfields@=\count273
\andhelp@=\toks19
\eqnshift@=\dimen144
\alignsep@=\dimen145
\tagshift@=\dimen146
\tagwidth@=\dimen147
\totwidth@=\dimen148
\lineht@=\dimen149
\@envbody=\toks20
\multlinegap=\skip51
\multlinetaggap=\skip52
\mathdisplay@stack=\toks21
LaTeX Info: Redefining \[ on input line 2953.
LaTeX Info: Redefining \] on input line 2954.
) (/usr/local/texlive/2024/texmf-dist/tex/latex/amsfonts/amssymb.sty
Package: amssymb 2013/01/14 v3.01 AMS font symbols
 (/usr/local/texlive/2024/texmf-dist/tex/latex/amsfonts/amsfonts.sty
Package: amsfonts 2013/01/14 v3.01 Basic AMSFonts support
\symAMSa=\mathgroup4
\symAMSb=\mathgroup5
LaTeX Font Info:    Redeclaring math symbol \hbar on input line 98.
LaTeX Font Info:    Overwriting math alphabet `\mathfrak' in version `bold'
(Font)                  U/euf/m/n --> U/euf/b/n on input line 106.
)) (/usr/local/texlive/2024/texmf-dist/tex/latex/booktabs/booktabs.sty
Package: booktabs 2020/01/12 v1.61803398 Publication quality tables
\heavyrulewidth=\dimen150
\lightrulewidth=\dimen151
\cmidrulewidth=\dimen152
\belowrulesep=\dimen153
\belowbottomsep=\dimen154
\aboverulesep=\dimen155
\abovetopsep=\dimen156
\cmidrulesep=\dimen157
\cmidrulekern=\dimen158
\defaultaddspace=\dimen159
\@cmidla=\count274
\@cmidlb=\count275
\@aboverulesep=\dimen160
\@belowrulesep=\dimen161
\@thisruleclass=\count276
\@lastruleclass=\count277
\@thisrulewidth=\dimen162
) (/usr/local/texlive/2024/texmf-dist/tex/latex/graphics/graphicx.sty
Package: graphicx 2021/09/16 v1.2d Enhanced LaTeX Graphics (DPC,SPQR)
 (/usr/local/texlive/2024/texmf-dist/tex/latex/graphics/keyval.sty
Package: keyval 2022/05/29 v1.15 key=value parser (DPC)
\KV@toks@=\toks22
) (/usr/local/texlive/2024/texmf-dist/tex/latex/graphics/graphics.sty
Package: graphics 2022/03/10 v1.4e Standard LaTeX Graphics (DPC,SPQR)
 (/usr/local/texlive/2024/texmf-dist/tex/latex/graphics/trig.sty
Package: trig 2021/08/11 v1.11 sin cos tan (DPC)
) (/usr/local/texlive/2024/texmf-dist/tex/latex/graphics-cfg/graphics.cfg
File: graphics.cfg 2016/06/04 v1.11 sample graphics configuration
)
Package graphics Info: Driver file: pdftex.def on input line 107.
 (/usr/local/texlive/2024/texmf-dist/tex/latex/graphics-def/pdftex.def
File: pdftex.def 2022/09/22 v1.2b Graphics/color driver for pdftex
))
\Gin@req@height=\dimen163
\Gin@req@width=\dimen164
) (/usr/local/texlive/2024/texmf-dist/tex/latex/hyperref/hyperref.sty
Package: hyperref 2024-01-20 v7.01h Hypertext links for LaTeX
 (/usr/local/texlive/2024/texmf-dist/tex/generic/iftex/iftex.sty
Package: iftex 2022/02/03 v1.0f TeX engine tests
) (/usr/local/texlive/2024/texmf-dist/tex/latex/kvsetkeys/kvsetkeys.sty
Package: kvsetkeys 2022-10-05 v1.19 Key value parser (HO)
) (/usr/local/texlive/2024/texmf-dist/tex/generic/kvdefinekeys/kvdefinekeys.sty
Package: kvdefinekeys 2019-12-19 v1.6 Define keys (HO)
) (/usr/local/texlive/2024/texmf-dist/tex/generic/pdfescape/pdfescape.sty
Package: pdfescape 2019/12/09 v1.15 Implements pdfTeX's escape features (HO)
 (/usr/local/texlive/2024/texmf-dist/tex/generic/ltxcmds/ltxcmds.sty
Package: ltxcmds 2023-12-04 v1.26 LaTeX kernel commands for general use (HO)
) (/usr/local/texlive/2024/texmf-dist/tex/generic/pdftexcmds/pdftexcmds.sty
Package: pdftexcmds 2020-06-27 v0.33 Utility functions of pdfTeX for LuaTeX (HO)
 (/usr/local/texlive/2024/texmf-dist/tex/generic/infwarerr/infwarerr.sty
Package: infwarerr 2019/12/03 v1.5 Providing info/warning/error messages (HO)
)
Package pdftexcmds Info: \pdf@primitive is available.
Package pdftexcmds Info: \pdf@ifprimitive is available.
Package pdftexcmds Info: \pdfdraftmode found.
)) (/usr/local/texlive/2024/texmf-dist/tex/latex/hycolor/hycolor.sty
Package: hycolor 2020-01-27 v1.10 Color options for hyperref/bookmark (HO)
) (/usr/local/texlive/2024/texmf-dist/tex/latex/auxhook/auxhook.sty
Package: auxhook 2019-12-17 v1.6 Hooks for auxiliary files (HO)
) (/usr/local/texlive/2024/texmf-dist/tex/latex/hyperref/nameref.sty
Package: nameref 2023-11-26 v2.56 Cross-referencing by name of section
 (/usr/local/texlive/2024/texmf-dist/tex/latex/refcount/refcount.sty
Package: refcount 2019/12/15 v3.6 Data extraction from label references (HO)
) (/usr/local/texlive/2024/texmf-dist/tex/generic/gettitlestring/gettitlestring.sty
Package: gettitlestring 2019/12/15 v1.6 Cleanup title references (HO)
 (/usr/local/texlive/2024/texmf-dist/tex/latex/kvoptions/kvoptions.sty
Package: kvoptions 2022-06-15 v3.15 Key value format for package options (HO)
))
\c@section@level=\count278
) (/usr/local/texlive/2024/texmf-dist/tex/latex/etoolbox/etoolbox.sty
Package: etoolbox 2020/10/05 v2.5k e-TeX tools for LaTeX (JAW)
\etb@tempcnta=\count279
)
\@linkdim=\dimen165
\Hy@linkcounter=\count280
\Hy@pagecounter=\count281
 (/usr/local/texlive/2024/texmf-dist/tex/latex/hyperref/pd1enc.def
File: pd1enc.def 2024-01-20 v7.01h Hyperref: PDFDocEncoding definition (HO)
Now handling font encoding PD1 ...
... no UTF-8 mapping file for font encoding PD1
) (/usr/local/texlive/2024/texmf-dist/tex/generic/intcalc/intcalc.sty
Package: intcalc 2019/12/15 v1.3 Expandable calculations with integers (HO)
)
\Hy@SavedSpaceFactor=\count282
 (/usr/local/texlive/2024/texmf-dist/tex/latex/hyperref/puenc.def
File: puenc.def 2024-01-20 v7.01h Hyperref: PDF Unicode definition (HO)
Now handling font encoding PU ...
... no UTF-8 mapping file for font encoding PU
)
Package hyperref Info: Hyper figures OFF on input line 4179.
Package hyperref Info: Link nesting OFF on input line 4184.
Package hyperref Info: Hyper index ON on input line 4187.
Package hyperref Info: Plain pages OFF on input line 4194.
Package hyperref Info: Backreferencing OFF on input line 4199.
Package hyperref Info: Implicit mode ON; LaTeX internals redefined.
Package hyperref Info: Bookmarks ON on input line 4446.
\c@Hy@tempcnt=\count283
 (/usr/local/texlive/2024/texmf-dist/tex/latex/url/url.sty
\Urlmuskip=\muskip17
Package: url 2013/09/16  ver 3.4  Verb mode for urls, etc.
)
LaTeX Info: Redefining \url on input line 4784.
\XeTeXLinkMargin=\dimen166
 (/usr/local/texlive/2024/texmf-dist/tex/generic/bitset/bitset.sty
Package: bitset 2019/12/09 v1.3 Handle bit-vector datatype (HO)
 (/usr/local/texlive/2024/texmf-dist/tex/generic/bigintcalc/bigintcalc.sty
Package: bigintcalc 2019/12/15 v1.5 Expandable calculations on big integers (HO)
))
\Fld@menulength=\count284
\Field@Width=\dimen167
\Fld@charsize=\dimen168
Package hyperref Info: Hyper figures OFF on input line 6063.
Package hyperref Info: Link nesting OFF on input line 6068.
Package hyperref Info: Hyper index ON on input line 6071.
Package hyperref Info: backreferencing OFF on input line 6078.
Package hyperref Info: Link coloring OFF on input line 6083.
Package hyperref Info: Link coloring with OCG OFF on input line 6088.
Package hyperref Info: PDF/A mode OFF on input line 6093.
 (/usr/local/texlive/2024/texmf-dist/tex/latex/base/atbegshi-ltx.sty
Package: atbegshi-ltx 2021/01/10 v1.0c Emulation of the original atbegshi
package with kernel methods
)
\Hy@abspage=\count285
\c@Item=\count286
\c@Hfootnote=\count287
)
Package hyperref Info: Driver (autodetected): hpdftex.
 (/usr/local/texlive/2024/texmf-dist/tex/latex/hyperref/hpdftex.def
File: hpdftex.def 2024-01-20 v7.01h Hyperref driver for pdfTeX
 (/usr/local/texlive/2024/texmf-dist/tex/latex/base/atveryend-ltx.sty
Package: atveryend-ltx 2020/08/19 v1.0a Emulation of the original atveryend package
with kernel methods
)
\Fld@listcount=\count288
\c@bookmark@seq@number=\count289
 (/usr/local/texlive/2024/texmf-dist/tex/latex/rerunfilecheck/rerunfilecheck.sty
Package: rerunfilecheck 2022-07-10 v1.10 Rerun checks for auxiliary files (HO)
 (/usr/local/texlive/2024/texmf-dist/tex/generic/uniquecounter/uniquecounter.sty
Package: uniquecounter 2019/12/15 v1.4 Provide unlimited unique counter (HO)
)
Package uniquecounter Info: New unique counter `rerunfilecheck' on input line 285.
)
\Hy@SectionHShift=\skip53
) (/usr/local/texlive/2024/texmf-dist/tex/latex/l3backend/l3backend-pdftex.def
File: l3backend-pdftex.def 2024-02-20 L3 backend support: PDF output (pdfTeX)
\l__color_backend_stack_int=\count290
\l__pdf_internal_box=\box53
) (./doc.aux
./doc.aux:7: Missing \endcsname inserted.
<to be read again> 
                   \protect 
l.7 ...p}{{2}{1}{Experimental Setup}{section.2}{}}
                                                  
The control sequence marked <to be read again> should
not appear between \csname and \endcsname.

./doc.aux:7: Missing \endcsname inserted.
<to be read again> 
                   \protect 
l.7 ...p}{{2}{1}{Experimental Setup}{section.2}{}}
                                                  
The control sequence marked <to be read again> should
not appear between \csname and \endcsname.

./doc.aux:9: Missing \endcsname inserted.
<to be read again> 
                   \protect 
l.9 ...{2.1}{1}{10–Loop Only}{subsection.2.1}{}}
                                                  
The control sequence marked <to be read again> should
not appear between \csname and \endcsname.


./doc.aux:9: LaTeX Error: Missing \begin{document}.

See the LaTeX manual or LaTeX Companion for explanation.
Type  H <return>  for immediate help.
 ...                                              
                                                  
l.9 ...{2.1}{1}{10–Loop Only}{subsection.2.1}{}}
                                                  
You're in trouble here.  Try typing  <return>  to proceed.
If that doesn't work, type  X <return>  to quit.

./doc.aux:9: Extra \endcsname.
\@ifundefined #1->\ifcsname #1\endcsname 
                                         \@ifundefin@d@i \else \@ifundefin@d...
l.9 ...{2.1}{1}{10–Loop Only}{subsection.2.1}{}}
                                                  
I'm ignoring this, since I wasn't doing a \csname.

./doc.aux:9: Missing \endcsname inserted.
<to be read again> 
                   \protect 
l.9 ...{2.1}{1}{10–Loop Only}{subsection.2.1}{}}
                                                  
The control sequence marked <to be read again> should
not appear between \csname and \endcsname.


LaTeX Warning: Label `sec\:exp\_setup10' multiply defined.

./doc.aux:9: Missing \endcsname inserted.
<to be read again> 
                   \protect 
l.9 ...{2.1}{1}{10–Loop Only}{subsection.2.1}{}}
                                                  
The control sequence marked <to be read again> should
not appear between \csname and \endcsname.

./doc.aux:11: Missing \endcsname inserted.
<to be read again> 
                   \protect 
l.11 ...{{2.2}{1}{9,+,10 Mixed}{subsection.2.2}{}}
                                                  
The control sequence marked <to be read again> should
not appear between \csname and \endcsname.

./doc.aux:11: Extra \endcsname.
\@ifundefined #1->\ifcsname #1\endcsname 
                                         \@ifundefin@d@i \else \@ifundefin@d...
l.11 ...{{2.2}{1}{9,+,10 Mixed}{subsection.2.2}{}}
                                                  
I'm ignoring this, since I wasn't doing a \csname.

./doc.aux:11: Missing \endcsname inserted.
<to be read again> 
                   \protect 
l.11 ...{{2.2}{1}{9,+,10 Mixed}{subsection.2.2}{}}
                                                  
The control sequence marked <to be read again> should
not appear between \csname and \endcsname.


LaTeX Warning: Label `sec\:exp\_setup9+10' multiply defined.

./doc.aux:11: Missing \endcsname inserted.
<to be read again> 
                   \protect 
l.11 ...{{2.2}{1}{9,+,10 Mixed}{subsection.2.2}{}}
                                                  
The control sequence marked <to be read again> should
not appear between \csname and \endcsname.

./doc.aux:13: Missing \endcsname inserted.
<to be read again> 
                   \protect 
l.13 ...{2.3}{1}{7--9 Transfer}{subsection.2.3}{}}
                                                  
The control sequence marked <to be read again> should
not appear between \csname and \endcsname.

./doc.aux:13: Extra \endcsname.
\@ifundefined #1->\ifcsname #1\endcsname 
                                         \@ifundefin@d@i \else \@ifundefin@d...
l.13 ...{2.3}{1}{7--9 Transfer}{subsection.2.3}{}}
                                                  
I'm ignoring this, since I wasn't doing a \csname.

./doc.aux:13: Missing \endcsname inserted.
<to be read again> 
                   \protect 
l.13 ...{2.3}{1}{7--9 Transfer}{subsection.2.3}{}}
                                                  
The control sequence marked <to be read again> should
not appear between \csname and \endcsname.


LaTeX Warning: Label `sec\:exp\_setup7\_9' multiply defined.

./doc.aux:13: Missing \endcsname inserted.
<to be read again> 
                   \protect 
l.13 ...{2.3}{1}{7--9 Transfer}{subsection.2.3}{}}
                                                  
The control sequence marked <to be read again> should
not appear between \csname and \endcsname.

./doc.aux:19: Missing \endcsname inserted.
<to be read again> 
                   \protect 
l.19 ...ec\:results}{{3}{2}{Results}{section.3}{}}
                                                  
The control sequence marked <to be read again> should
not appear between \csname and \endcsname.

./doc.aux:19: Extra \endcsname.
\@ifundefined #1->\ifcsname #1\endcsname 
                                         \@ifundefin@d@i \else \@ifundefin@d...
l.19 ...ec\:results}{{3}{2}{Results}{section.3}{}}
                                                  
I'm ignoring this, since I wasn't doing a \csname.

./doc.aux:19: Missing \endcsname inserted.
<to be read again> 
                   \protect 
l.19 ...ec\:results}{{3}{2}{Results}{section.3}{}}
                                                  
The control sequence marked <to be read again> should
not appear between \csname and \endcsname.


LaTeX Warning: Label `sec\:results' multiply defined.

./doc.aux:19: Missing \endcsname inserted.
<to be read again> 
                   \protect 
l.19 ...ec\:results}{{3}{2}{Results}{section.3}{}}
                                                  
The control sequence marked <to be read again> should
not appear between \csname and \endcsname.

)
\openout1 = `doc.aux'.

LaTeX Font Info:    Checking defaults for OML/cmm/m/it on input line 13.
LaTeX Font Info:    ... okay on input line 13.
LaTeX Font Info:    Checking defaults for OMS/cmsy/m/n on input line 13.
LaTeX Font Info:    ... okay on input line 13.
LaTeX Font Info:    Checking defaults for OT1/cmr/m/n on input line 13.
LaTeX Font Info:    ... okay on input line 13.
LaTeX Font Info:    Checking defaults for T1/cmr/m/n on input line 13.
LaTeX Font Info:    ... okay on input line 13.
LaTeX Font Info:    Checking defaults for TS1/cmr/m/n on input line 13.
LaTeX Font Info:    ... okay on input line 13.
LaTeX Font Info:    Checking defaults for OMX/cmex/m/n on input line 13.
LaTeX Font Info:    ... okay on input line 13.
LaTeX Font Info:    Checking defaults for U/cmr/m/n on input line 13.
LaTeX Font Info:    ... okay on input line 13.
LaTeX Font Info:    Checking defaults for PD1/pdf/m/n on input line 13.
LaTeX Font Info:    ... okay on input line 13.
LaTeX Font Info:    Checking defaults for PU/pdf/m/n on input line 13.
LaTeX Font Info:    ... okay on input line 13.
 (/usr/local/texlive/2024/texmf-dist/tex/context/base/mkii/supp-pdf.mkii
[Loading MPS to PDF converter (version 2006.09.02).]
\scratchcounter=\count291
\scratchdimen=\dimen169
\scratchbox=\box54
\nofMPsegments=\count292
\nofMParguments=\count293
\everyMPshowfont=\toks23
\MPscratchCnt=\count294
\MPscratchDim=\dimen170
\MPnumerator=\count295
\makeMPintoPDFobject=\count296
\everyMPtoPDFconversion=\toks24
) (/usr/local/texlive/2024/texmf-dist/tex/latex/epstopdf-pkg/epstopdf-base.sty
Package: epstopdf-base 2020-01-24 v2.11 Base part for package epstopdf
Package epstopdf-base Info: Redefining graphics rule for `.eps' on input line 485.
 (/usr/local/texlive/2024/texmf-dist/tex/latex/latexconfig/epstopdf-sys.cfg
File: epstopdf-sys.cfg 2010/07/13 v1.3 Configuration of (r)epstopdf for TeX Live
))
Package hyperref Info: Link coloring OFF on input line 13.
 (./doc.out) (./doc.out)
\@outlinefile=\write3
\openout3 = `doc.out'.

 [1

{/usr/local/texlive/2024/texmf-var/fonts/map/pdftex/updmap/pdftex.map}]
LaTeX Font Info:    Trying to load font information for U+msa on input line 15.
 (/usr/local/texlive/2024/texmf-dist/tex/latex/amsfonts/umsa.fd
File: umsa.fd 2013/01/14 v3.01 AMS symbols A
)
LaTeX Font Info:    Trying to load font information for U+msb on input line 15.
 (/usr/local/texlive/2024/texmf-dist/tex/latex/amsfonts/umsb.fd
File: umsb.fd 2013/01/14 v3.01 AMS symbols B
)

LaTeX Warning: Citation `Hardin2024FGraph' on page 2 undefined on input line 17.

/Users/rezadoobary/Documents/ML-correlator/Tree classifier for graphs/mixed_loops/docs/doc.tex:23: Missing $ inserted.
<inserted text> 
                $
l.23 \item \textbf{7–9 \$\rightarrow\$ 10:}
                                              Train on 7‑, 8‑ and 9‑lo...
I've inserted a begin-math/end-math symbol since I think
you left one out. Proceed, with fingers crossed.

/Users/rezadoobary/Documents/ML-correlator/Tree classifier for graphs/mixed_loops/docs/doc.tex:23: Extra }, or forgotten $.
<recently read> \egroup 
                        
l.23 \item \textbf{7–9 \$\rightarrow\$ 10:}
                                              Train on 7‑, 8‑ and 9‑lo...
I've deleted a group-closing symbol because it seems to be
spurious, as in `$x}$'. But perhaps the } is legitimate and
you forgot something else, as in `\hbox{$x}'. In such cases
the way to recover is to insert both the forgotten and the
deleted material, e.g., by typing `I$}'.


/Users/rezadoobary/Documents/ML-correlator/Tree classifier for graphs/mixed_loops/docs/doc.tex:24: LaTeX Error: Command \end{enumerate} invalid in math mode.

See the LaTeX manual or LaTeX Companion for explanation.
Type  H <return>  for immediate help.
 ...                                              
                                                  
l.24 \end{enumerate}
                    
Try typing  <return>  to proceed.
If that doesn't work, type  X <return>  to quit.


/Users/rezadoobary/Documents/ML-correlator/Tree classifier for graphs/mixed_loops/docs/doc.tex:24: LaTeX Error: Something's wrong--perhaps a missing \item.

See the LaTeX manual or LaTeX Companion for explanation.
Type  H <return>  for immediate help.
 ...                                              
                                                  
l.24 \end{enumerate}
                    
Try typing  <return>  to proceed.
If that doesn't work, type  X <return>  to quit.


/Users/rezadoobary/Documents/ML-correlator/Tree classifier for graphs/mixed_loops/docs/doc.tex:24: LaTeX Error: Something's wrong--perhaps a missing \item.

See the LaTeX manual or LaTeX Companion for explanation.
Type  H <return>  for immediate help.
 ...                                              
                                                  
l.24 \end{enumerate}
                    
Try typing  <return>  to proceed.
If that doesn't work, type  X <return>  to quit.

/Users/rezadoobary/Documents/ML-correlator/Tree classifier for graphs/mixed_loops/docs/doc.tex:24: Missing $ inserted.
<inserted text> 
                $
l.24 \end{enumerate}
                    
I've inserted something that you may have forgotten.
(See the <inserted text> above.)
With luck, this will get me unwedged. But if you
really didn't forget anything, try typing `2' now; then
my insertion and my current dilemma will both disappear.

/Users/rezadoobary/Documents/ML-correlator/Tree classifier for graphs/mixed_loops/docs/doc.tex:24: Missing } inserted.
<inserted text> 
                }
l.24 \end{enumerate}
                    
I've inserted something that you may have forgotten.
(See the <inserted text> above.)
With luck, this will get me unwedged. But if you
really didn't forget anything, try typing `2' now; then
my insertion and my current dilemma will both disappear.


Overfull \hbox (17.85143pt too wide) in paragraph at lines 23--25
[]\OT1/cmr/bx/n/10 7{9 \TS1/cmr/bx/n/10 $$\OMS/cmsy/m/n/10 ! \OT1/cmr/m/n/10 $10 : \OML/cmm/m/it/10 Trainon\OT1/cmr/m/n/10 7[]\OML/cmm/m/it/10 ; \OT1/cmr/m/n/10 8[]\OML/cmm/m/it/10 and\OT1/cmr/m/n/10 9[]\OML/cmm/m/it/10 loopgraphsandevaluatetransferto\OT1/cmr/m/n/10 10[]\OML/cmm/m/it/10 loopgraphs:$ 
 []

/Users/rezadoobary/Documents/ML-correlator/Tree classifier for graphs/mixed_loops/docs/doc.tex:36: Missing \endcsname inserted.
<to be read again> 
                   \global 
l.36 Table\~\ref
                {tab\:results} collects the aggregated scores extracted dire...
The control sequence marked <to be read again> should
not appear between \csname and \endcsname.


LaTeX Warning: Reference `\endcsname ' on page 2 undefined on input line 36.

/Users/rezadoobary/Documents/ML-correlator/Tree classifier for graphs/mixed_loops/docs/doc.tex:36: Argument of \@firstoffive has an extra }.
<inserted text> 
                \par 
l.36 Table\~\ref
                {tab\:results} collects the aggregated scores extracted dire...
I've run across a `}' that doesn't seem to match anything.
For example, `\def\a#1{...}' and `\a}' would produce
this error. If you simply proceed now, the `\par' that
I've just inserted will cause me to report a runaway
argument that might be the root of the problem. But if
your `}' was spurious, just type `2' and it will go away.

Runaway argument?
/Users/rezadoobary/Documents/ML-correlator/Tree classifier for graphs/mixed_loops/docs/doc.tex:36: Paragraph ended before \@firstoffive was complete.
<to be read again> 
                   \par 
l.36 Table\~\ref
                {tab\:results} collects the aggregated scores extracted dire...
I suspect you've forgotten a `}', causing me to apply this
control sequence to too much text. How can we recover?
My plan is to forget the whole thing and hope for the best.

/Users/rezadoobary/Documents/ML-correlator/Tree classifier for graphs/mixed_loops/docs/doc.tex:36: Missing \endcsname inserted.
<to be read again> 
                   \egroup 
l.36 Table\~\ref
                {tab\:results} collects the aggregated scores extracted dire...
The control sequence marked <to be read again> should
not appear between \csname and \endcsname.


LaTeX Warning: Reference `\endcsname ' on page 2 undefined on input line 36.

/Users/rezadoobary/Documents/ML-correlator/Tree classifier for graphs/mixed_loops/docs/doc.tex:40: Missing $ inserted.
<inserted text> 
                $
l.40 ...ves the across‑fold standard deviation.}
                                                  
I've inserted a begin-math/end-math symbol since I think
you left one out. Proceed, with fingers crossed.

/Users/rezadoobary/Documents/ML-correlator/Tree classifier for graphs/mixed_loops/docs/doc.tex:40: Display math should end with $$.
<to be read again> 
                   \tex_par:D 
l.40 ...ves the across‑fold standard deviation.}
                                                  
The `$' that I just saw supposedly matches a previous `$$'.
So I shall assume that you typed `$$' both times.

/Users/rezadoobary/Documents/ML-correlator/Tree classifier for graphs/mixed_loops/docs/doc.tex:45: Misplaced \noalign.
\midrule ->\noalign 
                    {\ifnum 0=`}\fi \@aboverulesep =\aboverulesep \global \@...
l.45 \midrule
             
I expect to see \noalign only after the \cr of
an alignment. Proceed, and I'll ignore this case.

/Users/rezadoobary/Documents/ML-correlator/Tree classifier for graphs/mixed_loops/docs/doc.tex:46: Missing } inserted.
<inserted text> 
                }
l.46 1
      0‑only & 91.6 & 0.1 \\
I've inserted something that you may have forgotten.
(See the <inserted text> above.)
With luck, this will get me unwedged. But if you
really didn't forget anything, try typing `2' now; then
my insertion and my current dilemma will both disappear.

/Users/rezadoobary/Documents/ML-correlator/Tree classifier for graphs/mixed_loops/docs/doc.tex:46: Missing } inserted.
<inserted text> 
                }
l.46 1
      0‑only & 91.6 & 0.1 \\
I've inserted something that you may have forgotten.
(See the <inserted text> above.)
With luck, this will get me unwedged. But if you
really didn't forget anything, try typing `2' now; then
my insertion and my current dilemma will both disappear.

/Users/rezadoobary/Documents/ML-correlator/Tree classifier for graphs/mixed_loops/docs/doc.tex:46: Missing } inserted.
<inserted text> 
                }
l.46 1
      0‑only & 91.6 & 0.1 \\
I've inserted something that you may have forgotten.
(See the <inserted text> above.)
With luck, this will get me unwedged. But if you
really didn't forget anything, try typing `2' now; then
my insertion and my current dilemma will both disappear.

/Users/rezadoobary/Documents/ML-correlator/Tree classifier for graphs/mixed_loops/docs/doc.tex:46: Missing \cr inserted.
<inserted text> 
                \cr 
l.46 1
      0‑only & 91.6 & 0.1 \\
I'm guessing that you meant to end an alignment here.

/Users/rezadoobary/Documents/ML-correlator/Tree classifier for graphs/mixed_loops/docs/doc.tex:46: Missing { inserted.
<inserted text> 
                {
l.46 1
      0‑only & 91.6 & 0.1 \\
I've put in what seems to be necessary to fix
the current column of the current alignment.
Try to go on, since this might almost work.

/Users/rezadoobary/Documents/ML-correlator/Tree classifier for graphs/mixed_loops/docs/doc.tex:46: Undefined control sequence.
\@BTrule ...\doublerulesep \fi \fi \fi \@BTswitch 
                                                  
l.46 1
      0‑only & 91.6 & 0.1 \\
The control sequence at the end of the top line
of your error message was never \def'ed. If you have
misspelled it (e.g., `\hobx'), type `I' and the correct
spelling (e.g., `I\hbox'). Otherwise just continue,
and I'll forget about whatever was undefined.

/Users/rezadoobary/Documents/ML-correlator/Tree classifier for graphs/mixed_loops/docs/doc.tex:46: Misplaced alignment tab character &.
l.46 10‑only &
                 91.6 & 0.1 \\
I can't figure out why you would want to use a tab mark
here. If you just want an ampersand, the remedy is
simple: Just type `I\&' now. But if some right brace
up above has ended a previous alignment prematurely,
you're probably due for more error messages, and you
might try typing `S' now just to see what is salvageable.

/Users/rezadoobary/Documents/ML-correlator/Tree classifier for graphs/mixed_loops/docs/doc.tex:46: Misplaced alignment tab character &.
l.46 10‑only & 91.6 &
                        0.1 \\
I can't figure out why you would want to use a tab mark
here. If you just want an ampersand, the remedy is
simple: Just type `I\&' now. But if some right brace
up above has ended a previous alignment prematurely,
you're probably due for more error messages, and you
might try typing `S' now just to see what is salvageable.

/Users/rezadoobary/Documents/ML-correlator/Tree classifier for graphs/mixed_loops/docs/doc.tex:47: Misplaced \cr.
\reserved@c ->\ifnum 0=`{\fi }\cr 
                                  
l.47 9
      +10 mixed & 91.4 & 0.1 \\
I can't figure out why you would want to use a tab mark
or \cr or \span just now. If something like a right brace
up above has ended a previous alignment prematurely,
you're probably due for more error messages, and you
might try typing `S' now just to see what is salvageable.

/Users/rezadoobary/Documents/ML-correlator/Tree classifier for graphs/mixed_loops/docs/doc.tex:47: Misplaced alignment tab character &.
l.47 9+10 mixed &
                  91.4 & 0.1 \\
I can't figure out why you would want to use a tab mark
here. If you just want an ampersand, the remedy is
simple: Just type `I\&' now. But if some right brace
up above has ended a previous alignment prematurely,
you're probably due for more error messages, and you
might try typing `S' now just to see what is salvageable.

/Users/rezadoobary/Documents/ML-correlator/Tree classifier for graphs/mixed_loops/docs/doc.tex:47: Misplaced alignment tab character &.
l.47 9+10 mixed & 91.4 &
                         0.1 \\
I can't figure out why you would want to use a tab mark
here. If you just want an ampersand, the remedy is
simple: Just type `I\&' now. But if some right brace
up above has ended a previous alignment prematurely,
you're probably due for more error messages, and you
might try typing `S' now just to see what is salvageable.

/Users/rezadoobary/Documents/ML-correlator/Tree classifier for graphs/mixed_loops/docs/doc.tex:48: Misplaced \cr.
\reserved@c ->\ifnum 0=`{\fi }\cr 
                                  
l.48 7
      –9 \$\rightarrow\$ 10 & 81.4 & 0.5 \\
I can't figure out why you would want to use a tab mark
or \cr or \span just now. If something like a right brace
up above has ended a previous alignment prematurely,
you're probably due for more error messages, and you
might try typing `S' now just to see what is salvageable.

/Users/rezadoobary/Documents/ML-correlator/Tree classifier for graphs/mixed_loops/docs/doc.tex:48: Missing $ inserted.
<inserted text> 
                $
l.48 7–9 \$\rightarrow
                        \$ 10 & 81.4 & 0.5 \\
I've inserted a begin-math/end-math symbol since I think
you left one out. Proceed, with fingers crossed.

/Users/rezadoobary/Documents/ML-correlator/Tree classifier for graphs/mixed_loops/docs/doc.tex:48: Misplaced alignment tab character &.
l.48 7–9 \$\rightarrow\$ 10 &
                                81.4 & 0.5 \\
I can't figure out why you would want to use a tab mark
here. If you just want an ampersand, the remedy is
simple: Just type `I\&' now. But if some right brace
up above has ended a previous alignment prematurely,
you're probably due for more error messages, and you
might try typing `S' now just to see what is salvageable.

/Users/rezadoobary/Documents/ML-correlator/Tree classifier for graphs/mixed_loops/docs/doc.tex:48: Misplaced alignment tab character &.
l.48 7–9 \$\rightarrow\$ 10 & 81.4 &
                                       0.5 \\
I can't figure out why you would want to use a tab mark
here. If you just want an ampersand, the remedy is
simple: Just type `I\&' now. But if some right brace
up above has ended a previous alignment prematurely,
you're probably due for more error messages, and you
might try typing `S' now just to see what is salvageable.

/Users/rezadoobary/Documents/ML-correlator/Tree classifier for graphs/mixed_loops/docs/doc.tex:49: Misplaced \cr.
\reserved@c ->\ifnum 0=`{\fi }\cr 
                                  
l.49 \bottomrule
                
I can't figure out why you would want to use a tab mark
or \cr or \span just now. If something like a right brace
up above has ended a previous alignment prematurely,
you're probably due for more error messages, and you
might try typing `S' now just to see what is salv